0 silly input [ 'build' ]
1 silly flags { _: [ 'run' ],
1 silly flags   'reject-cycles': false,
1 silly flags   rejectCycles: false,
1 silly flags   script: 'build',
1 silly flags   args: [] }
2 verbose rootPath /Users/mpham/Code/nativecode/nofrills
3 info version 2.5.1
4 silly existsSync /Users/mpham/Code/nativecode/nofrills/VERSION
5 silly initialize attempt
6 silly initialize success
7 silly execute attempt
8 silly runScriptInDir build [] types
9 silly getExecOpts { cwd: '/Users/mpham/Code/nativecode/nofrills/packages/types' }
10 error build Errored while running script in '@nofrills/types'
11 error execute callback with error
12 error Error: Command failed: npm run build
12 error sh: tsc: command not found
12 error npm ERR! file sh
12 error npm ERR! code ELIFECYCLE
12 error npm ERR! errno ENOENT
12 error npm ERR! syscall spawn
12 error npm ERR! @nofrills/types@0.9.0 build: `tsc --project tsconfig.json`
12 error npm ERR! spawn ENOENT
12 error npm ERR!
12 error npm ERR! Failed at the @nofrills/types@0.9.0 build script.
12 error npm ERR! This is probably not a problem with npm. There is likely additional logging output above.
12 error
12 error npm ERR! A complete log of this run can be found in:
12 error npm ERR!     /Users/mpham/.npm/_logs/2017-11-20T03_27_13_288Z-debug.log
12 error
12 error > @nofrills/types@0.9.0 prebuild /Users/mpham/Code/nativecode/nofrills/packages/types
12 error > rimraf lib/
12 error
12 error
12 error > @nofrills/types@0.9.0 build /Users/mpham/Code/nativecode/nofrills/packages/types
12 error > tsc --project tsconfig.json
12 error
12 error
12 error     at Promise.all.then.arr (/Users/mpham/Code/nativecode/nofrills/node_modules/execa/index.js:236:11)
12 error     at <anonymous>
